<?xml version="1.0" encoding="UTF-8" standalone="no"?>
<testsuite failures="2" name="cucumber.runtime.formatter.JUnitFormatter" skipped="0" tests="2" time="98.713165">
    <testcase classname="Search and place order for Vegetables" name="Search for items and then move to checkout page" time="37.223164">
        <failure message="org.openqa.selenium.WebDriverException: unknown error: Chrome failed to start: exited normally.&#10;  (chrome not reachable)&#10;  (The process started from chrome location C:\Program Files\Google\Chrome\Application\chrome.exe is no longer running, so ChromeDriver is assuming that Chrome has crashed.)&#10;Build info: version: '3.141.59', revision: 'e82be7d358', time: '2018-11-14T08:17:03'&#10;System info: host: 'AIPL5131LT12187', ip: '192.168.43.208', os.name: 'Windows 10', os.arch: 'amd64', os.version: '10.0', java.version: '15'&#10;Driver info: driver.version: ChromeDriver&#10;remote stacktrace: Backtrace:&#10;&#9;Ordinal0 [0x00A0BDE3+2473443]&#10;&#9;Ordinal0 [0x009A6661+2057825]&#10;&#9;Ordinal0 [0x008B2438+1057848]&#10;&#9;Ordinal0 [0x008CD598+1168792]&#10;&#9;Ordinal0 [0x008C9CAF+1154223]&#10;&#9;Ordinal0 [0x008F9ADF+1350367]&#10;&#9;Ordinal0 [0x008F974A+1349450]&#10;&#9;Ordinal0 [0x008F55AB+1332651]&#10;&#9;Ordinal0 [0x008D2104+1188100]&#10;&#9;Ordinal0 [0x008D2F59+1191769]&#10;&#9;GetHandleVerifier [0x00B92266+1549718]&#10;&#9;GetHandleVerifier [0x00C3D4A7+2250711]&#10;&#9;GetHandleVerifier [0x00A9718B+521403]&#10;&#9;GetHandleVerifier [0x00A96229+517465]&#10;&#9;Ordinal0 [0x009AB79D+2078621]&#10;&#9;Ordinal0 [0x009AFB58+2095960]&#10;&#9;Ordinal0 [0x009AFC92+2096274]&#10;&#9;Ordinal0 [0x009B9541+2135361]&#10;&#9;BaseThreadInitThunk [0x7554FA29+25]&#10;&#9;RtlGetAppContainerNamedObjectPath [0x775A7A7E+286]&#10;&#9;RtlGetAppContainerNamedObjectPath [0x775A7A4E+238]&#10;&#13;&#10;&#9;at java.base/jdk.internal.reflect.NativeConstructorAccessorImpl.newInstance0(Native Method)&#13;&#10;&#9;at java.base/jdk.internal.reflect.NativeConstructorAccessorImpl.newInstance(NativeConstructorAccessorImpl.java:64)&#13;&#10;&#9;at java.base/jdk.internal.reflect.DelegatingConstructorAccessorImpl.newInstance(DelegatingConstructorAccessorImpl.java:45)&#13;&#10;&#9;at java.base/java.lang.reflect.Constructor.newInstanceWithCaller(Constructor.java:500)&#13;&#10;&#9;at java.base/java.lang.reflect.Constructor.newInstance(Constructor.java:481)&#13;&#10;&#9;at org.openqa.selenium.remote.W3CHandshakeResponse.lambda$errorHandler$0(W3CHandshakeResponse.java:62)&#13;&#10;&#9;at org.openqa.selenium.remote.HandshakeResponse.lambda$getResponseFunction$0(HandshakeResponse.java:30)&#13;&#10;&#9;at org.openqa.selenium.remote.ProtocolHandshake.lambda$createSession$0(ProtocolHandshake.java:126)&#13;&#10;&#9;at java.base/java.util.stream.ReferencePipeline$3$1.accept(ReferencePipeline.java:195)&#13;&#10;&#9;at java.base/java.util.Spliterators$ArraySpliterator.tryAdvance(Spliterators.java:958)&#13;&#10;&#9;at java.base/java.util.stream.ReferencePipeline.forEachWithCancel(ReferencePipeline.java:127)&#13;&#10;&#9;at java.base/java.util.stream.AbstractPipeline.copyIntoWithCancel(AbstractPipeline.java:502)&#13;&#10;&#9;at java.base/java.util.stream.AbstractPipeline.copyInto(AbstractPipeline.java:488)&#13;&#10;&#9;at java.base/java.util.stream.AbstractPipeline.wrapAndCopyInto(AbstractPipeline.java:474)&#13;&#10;&#9;at java.base/java.util.stream.FindOps$FindOp.evaluateSequential(FindOps.java:150)&#13;&#10;&#9;at java.base/java.util.stream.AbstractPipeline.evaluate(AbstractPipeline.java:234)&#13;&#10;&#9;at java.base/java.util.stream.ReferencePipeline.findFirst(ReferencePipeline.java:543)&#13;&#10;&#9;at org.openqa.selenium.remote.ProtocolHandshake.createSession(ProtocolHandshake.java:128)&#13;&#10;&#9;at org.openqa.selenium.remote.ProtocolHandshake.createSession(ProtocolHandshake.java:74)&#13;&#10;&#9;at org.openqa.selenium.remote.HttpCommandExecutor.execute(HttpCommandExecutor.java:136)&#13;&#10;&#9;at org.openqa.selenium.remote.service.DriverCommandExecutor.execute(DriverCommandExecutor.java:83)&#13;&#10;&#9;at org.openqa.selenium.remote.RemoteWebDriver.execute(RemoteWebDriver.java:552)&#13;&#10;&#9;at org.openqa.selenium.remote.RemoteWebDriver.startSession(RemoteWebDriver.java:213)&#13;&#10;&#9;at org.openqa.selenium.remote.RemoteWebDriver.&lt;init&gt;(RemoteWebDriver.java:131)&#13;&#10;&#9;at org.openqa.selenium.chrome.ChromeDriver.&lt;init&gt;(ChromeDriver.java:181)&#13;&#10;&#9;at org.openqa.selenium.chrome.ChromeDriver.&lt;init&gt;(ChromeDriver.java:168)&#13;&#10;&#9;at org.openqa.selenium.chrome.ChromeDriver.&lt;init&gt;(ChromeDriver.java:123)&#13;&#10;&#9;at Cucumber.Automation.Base.getDriver(Base.java:25)&#13;&#10;&#9;at stepDefinations.MyStepDefinitions.user_is_on_greencart_landing_page(MyStepDefinitions.java:28)&#13;&#10;&#9;at ✽.Given User is on Greencart Landing page(search.feature:12)&#13;&#10;"><![CDATA[Given User is on Greencart Landing page.....................................failed
When User searched for Brinjal Vegetable....................................skipped
And Added items to cart.....................................................skipped
And User proceeded to Checkout page for purchase............................skipped
Then verify selected Brinjal items are displayed in Check out page..........skipped

StackTrace:
org.openqa.selenium.WebDriverException: unknown error: Chrome failed to start: exited normally.
  (chrome not reachable)
  (The process started from chrome location C:\Program Files\Google\Chrome\Application\chrome.exe is no longer running, so ChromeDriver is assuming that Chrome has crashed.)
Build info: version: '3.141.59', revision: 'e82be7d358', time: '2018-11-14T08:17:03'
System info: host: 'AIPL5131LT12187', ip: '192.168.43.208', os.name: 'Windows 10', os.arch: 'amd64', os.version: '10.0', java.version: '15'
Driver info: driver.version: ChromeDriver
remote stacktrace: Backtrace:
	Ordinal0 [0x00A0BDE3+2473443]
	Ordinal0 [0x009A6661+2057825]
	Ordinal0 [0x008B2438+1057848]
	Ordinal0 [0x008CD598+1168792]
	Ordinal0 [0x008C9CAF+1154223]
	Ordinal0 [0x008F9ADF+1350367]
	Ordinal0 [0x008F974A+1349450]
	Ordinal0 [0x008F55AB+1332651]
	Ordinal0 [0x008D2104+1188100]
	Ordinal0 [0x008D2F59+1191769]
	GetHandleVerifier [0x00B92266+1549718]
	GetHandleVerifier [0x00C3D4A7+2250711]
	GetHandleVerifier [0x00A9718B+521403]
	GetHandleVerifier [0x00A96229+517465]
	Ordinal0 [0x009AB79D+2078621]
	Ordinal0 [0x009AFB58+2095960]
	Ordinal0 [0x009AFC92+2096274]
	Ordinal0 [0x009B9541+2135361]
	BaseThreadInitThunk [0x7554FA29+25]
	RtlGetAppContainerNamedObjectPath [0x775A7A7E+286]
	RtlGetAppContainerNamedObjectPath [0x775A7A4E+238]

	at java.base/jdk.internal.reflect.NativeConstructorAccessorImpl.newInstance0(Native Method)
	at java.base/jdk.internal.reflect.NativeConstructorAccessorImpl.newInstance(NativeConstructorAccessorImpl.java:64)
	at java.base/jdk.internal.reflect.DelegatingConstructorAccessorImpl.newInstance(DelegatingConstructorAccessorImpl.java:45)
	at java.base/java.lang.reflect.Constructor.newInstanceWithCaller(Constructor.java:500)
	at java.base/java.lang.reflect.Constructor.newInstance(Constructor.java:481)
	at org.openqa.selenium.remote.W3CHandshakeResponse.lambda$errorHandler$0(W3CHandshakeResponse.java:62)
	at org.openqa.selenium.remote.HandshakeResponse.lambda$getResponseFunction$0(HandshakeResponse.java:30)
	at org.openqa.selenium.remote.ProtocolHandshake.lambda$createSession$0(ProtocolHandshake.java:126)
	at java.base/java.util.stream.ReferencePipeline$3$1.accept(ReferencePipeline.java:195)
	at java.base/java.util.Spliterators$ArraySpliterator.tryAdvance(Spliterators.java:958)
	at java.base/java.util.stream.ReferencePipeline.forEachWithCancel(ReferencePipeline.java:127)
	at java.base/java.util.stream.AbstractPipeline.copyIntoWithCancel(AbstractPipeline.java:502)
	at java.base/java.util.stream.AbstractPipeline.copyInto(AbstractPipeline.java:488)
	at java.base/java.util.stream.AbstractPipeline.wrapAndCopyInto(AbstractPipeline.java:474)
	at java.base/java.util.stream.FindOps$FindOp.evaluateSequential(FindOps.java:150)
	at java.base/java.util.stream.AbstractPipeline.evaluate(AbstractPipeline.java:234)
	at java.base/java.util.stream.ReferencePipeline.findFirst(ReferencePipeline.java:543)
	at org.openqa.selenium.remote.ProtocolHandshake.createSession(ProtocolHandshake.java:128)
	at org.openqa.selenium.remote.ProtocolHandshake.createSession(ProtocolHandshake.java:74)
	at org.openqa.selenium.remote.HttpCommandExecutor.execute(HttpCommandExecutor.java:136)
	at org.openqa.selenium.remote.service.DriverCommandExecutor.execute(DriverCommandExecutor.java:83)
	at org.openqa.selenium.remote.RemoteWebDriver.execute(RemoteWebDriver.java:552)
	at org.openqa.selenium.remote.RemoteWebDriver.startSession(RemoteWebDriver.java:213)
	at org.openqa.selenium.remote.RemoteWebDriver.<init>(RemoteWebDriver.java:131)
	at org.openqa.selenium.chrome.ChromeDriver.<init>(ChromeDriver.java:181)
	at org.openqa.selenium.chrome.ChromeDriver.<init>(ChromeDriver.java:168)
	at org.openqa.selenium.chrome.ChromeDriver.<init>(ChromeDriver.java:123)
	at Cucumber.Automation.Base.getDriver(Base.java:25)
	at stepDefinations.MyStepDefinitions.user_is_on_greencart_landing_page(MyStepDefinitions.java:28)
	at ✽.Given User is on Greencart Landing page(search.feature:12)
]]></failure>
    </testcase>
    <testcase classname="Search and place order for Vegetables" name="Search for items and then move to checkout page 2" time="61.490001">
        <failure message="org.openqa.selenium.WebDriverException: chrome not reachable&#10;Build info: version: '3.141.59', revision: 'e82be7d358', time: '2018-11-14T08:17:03'&#10;System info: host: 'AIPL5131LT12187', ip: '192.168.43.208', os.name: 'Windows 10', os.arch: 'amd64', os.version: '10.0', java.version: '15'&#10;Driver info: driver.version: ChromeDriver&#10;remote stacktrace: Backtrace:&#10;&#9;Ordinal0 [0x00A0BDE3+2473443]&#10;&#9;Ordinal0 [0x009A6661+2057825]&#10;&#9;Ordinal0 [0x008B2300+1057536]&#10;&#9;Ordinal0 [0x008A7275+1012341]&#10;&#9;Ordinal0 [0x008CFE91+1179281]&#10;&#9;Ordinal0 [0x008CC435+1164341]&#10;&#9;Ordinal0 [0x008C9CAF+1154223]&#10;&#9;Ordinal0 [0x008F9ADF+1350367]&#10;&#9;Ordinal0 [0x008F974A+1349450]&#10;&#9;Ordinal0 [0x008F55AB+1332651]&#10;&#9;Ordinal0 [0x008D2104+1188100]&#10;&#9;Ordinal0 [0x008D2F59+1191769]&#10;&#9;GetHandleVerifier [0x00B92266+1549718]&#10;&#9;GetHandleVerifier [0x00C3D4A7+2250711]&#10;&#9;GetHandleVerifier [0x00A9718B+521403]&#10;&#9;GetHandleVerifier [0x00A96229+517465]&#10;&#9;Ordinal0 [0x009AB79D+2078621]&#10;&#9;Ordinal0 [0x009AFB58+2095960]&#10;&#9;Ordinal0 [0x009AFC92+2096274]&#10;&#9;Ordinal0 [0x009B9541+2135361]&#10;&#9;BaseThreadInitThunk [0x7554FA29+25]&#10;&#9;RtlGetAppContainerNamedObjectPath [0x775A7A7E+286]&#10;&#9;RtlGetAppContainerNamedObjectPath [0x775A7A4E+238]&#10;&#13;&#10;&#9;at java.base/jdk.internal.reflect.NativeConstructorAccessorImpl.newInstance0(Native Method)&#13;&#10;&#9;at java.base/jdk.internal.reflect.NativeConstructorAccessorImpl.newInstance(NativeConstructorAccessorImpl.java:64)&#13;&#10;&#9;at java.base/jdk.internal.reflect.DelegatingConstructorAccessorImpl.newInstance(DelegatingConstructorAccessorImpl.java:45)&#13;&#10;&#9;at java.base/java.lang.reflect.Constructor.newInstanceWithCaller(Constructor.java:500)&#13;&#10;&#9;at java.base/java.lang.reflect.Constructor.newInstance(Constructor.java:481)&#13;&#10;&#9;at org.openqa.selenium.remote.W3CHandshakeResponse.lambda$errorHandler$0(W3CHandshakeResponse.java:62)&#13;&#10;&#9;at org.openqa.selenium.remote.HandshakeResponse.lambda$getResponseFunction$0(HandshakeResponse.java:30)&#13;&#10;&#9;at org.openqa.selenium.remote.ProtocolHandshake.lambda$createSession$0(ProtocolHandshake.java:126)&#13;&#10;&#9;at java.base/java.util.stream.ReferencePipeline$3$1.accept(ReferencePipeline.java:195)&#13;&#10;&#9;at java.base/java.util.Spliterators$ArraySpliterator.tryAdvance(Spliterators.java:958)&#13;&#10;&#9;at java.base/java.util.stream.ReferencePipeline.forEachWithCancel(ReferencePipeline.java:127)&#13;&#10;&#9;at java.base/java.util.stream.AbstractPipeline.copyIntoWithCancel(AbstractPipeline.java:502)&#13;&#10;&#9;at java.base/java.util.stream.AbstractPipeline.copyInto(AbstractPipeline.java:488)&#13;&#10;&#9;at java.base/java.util.stream.AbstractPipeline.wrapAndCopyInto(AbstractPipeline.java:474)&#13;&#10;&#9;at java.base/java.util.stream.FindOps$FindOp.evaluateSequential(FindOps.java:150)&#13;&#10;&#9;at java.base/java.util.stream.AbstractPipeline.evaluate(AbstractPipeline.java:234)&#13;&#10;&#9;at java.base/java.util.stream.ReferencePipeline.findFirst(ReferencePipeline.java:543)&#13;&#10;&#9;at org.openqa.selenium.remote.ProtocolHandshake.createSession(ProtocolHandshake.java:128)&#13;&#10;&#9;at org.openqa.selenium.remote.ProtocolHandshake.createSession(ProtocolHandshake.java:74)&#13;&#10;&#9;at org.openqa.selenium.remote.HttpCommandExecutor.execute(HttpCommandExecutor.java:136)&#13;&#10;&#9;at org.openqa.selenium.remote.service.DriverCommandExecutor.execute(DriverCommandExecutor.java:83)&#13;&#10;&#9;at org.openqa.selenium.remote.RemoteWebDriver.execute(RemoteWebDriver.java:552)&#13;&#10;&#9;at org.openqa.selenium.remote.RemoteWebDriver.startSession(RemoteWebDriver.java:213)&#13;&#10;&#9;at org.openqa.selenium.remote.RemoteWebDriver.&lt;init&gt;(RemoteWebDriver.java:131)&#13;&#10;&#9;at org.openqa.selenium.chrome.ChromeDriver.&lt;init&gt;(ChromeDriver.java:181)&#13;&#10;&#9;at org.openqa.selenium.chrome.ChromeDriver.&lt;init&gt;(ChromeDriver.java:168)&#13;&#10;&#9;at org.openqa.selenium.chrome.ChromeDriver.&lt;init&gt;(ChromeDriver.java:123)&#13;&#10;&#9;at Cucumber.Automation.Base.getDriver(Base.java:25)&#13;&#10;&#9;at stepDefinations.MyStepDefinitions.user_is_on_greencart_landing_page(MyStepDefinitions.java:28)&#13;&#10;&#9;at ✽.Given User is on Greencart Landing page(search.feature:12)&#13;&#10;"><![CDATA[Given User is on Greencart Landing page.....................................failed
When User searched for Beetroot Vegetable...................................skipped
And Added items to cart.....................................................skipped
And User proceeded to Checkout page for purchase............................skipped
Then verify selected Beetroot items are displayed in Check out page.........skipped

StackTrace:
org.openqa.selenium.WebDriverException: chrome not reachable
Build info: version: '3.141.59', revision: 'e82be7d358', time: '2018-11-14T08:17:03'
System info: host: 'AIPL5131LT12187', ip: '192.168.43.208', os.name: 'Windows 10', os.arch: 'amd64', os.version: '10.0', java.version: '15'
Driver info: driver.version: ChromeDriver
remote stacktrace: Backtrace:
	Ordinal0 [0x00A0BDE3+2473443]
	Ordinal0 [0x009A6661+2057825]
	Ordinal0 [0x008B2300+1057536]
	Ordinal0 [0x008A7275+1012341]
	Ordinal0 [0x008CFE91+1179281]
	Ordinal0 [0x008CC435+1164341]
	Ordinal0 [0x008C9CAF+1154223]
	Ordinal0 [0x008F9ADF+1350367]
	Ordinal0 [0x008F974A+1349450]
	Ordinal0 [0x008F55AB+1332651]
	Ordinal0 [0x008D2104+1188100]
	Ordinal0 [0x008D2F59+1191769]
	GetHandleVerifier [0x00B92266+1549718]
	GetHandleVerifier [0x00C3D4A7+2250711]
	GetHandleVerifier [0x00A9718B+521403]
	GetHandleVerifier [0x00A96229+517465]
	Ordinal0 [0x009AB79D+2078621]
	Ordinal0 [0x009AFB58+2095960]
	Ordinal0 [0x009AFC92+2096274]
	Ordinal0 [0x009B9541+2135361]
	BaseThreadInitThunk [0x7554FA29+25]
	RtlGetAppContainerNamedObjectPath [0x775A7A7E+286]
	RtlGetAppContainerNamedObjectPath [0x775A7A4E+238]

	at java.base/jdk.internal.reflect.NativeConstructorAccessorImpl.newInstance0(Native Method)
	at java.base/jdk.internal.reflect.NativeConstructorAccessorImpl.newInstance(NativeConstructorAccessorImpl.java:64)
	at java.base/jdk.internal.reflect.DelegatingConstructorAccessorImpl.newInstance(DelegatingConstructorAccessorImpl.java:45)
	at java.base/java.lang.reflect.Constructor.newInstanceWithCaller(Constructor.java:500)
	at java.base/java.lang.reflect.Constructor.newInstance(Constructor.java:481)
	at org.openqa.selenium.remote.W3CHandshakeResponse.lambda$errorHandler$0(W3CHandshakeResponse.java:62)
	at org.openqa.selenium.remote.HandshakeResponse.lambda$getResponseFunction$0(HandshakeResponse.java:30)
	at org.openqa.selenium.remote.ProtocolHandshake.lambda$createSession$0(ProtocolHandshake.java:126)
	at java.base/java.util.stream.ReferencePipeline$3$1.accept(ReferencePipeline.java:195)
	at java.base/java.util.Spliterators$ArraySpliterator.tryAdvance(Spliterators.java:958)
	at java.base/java.util.stream.ReferencePipeline.forEachWithCancel(ReferencePipeline.java:127)
	at java.base/java.util.stream.AbstractPipeline.copyIntoWithCancel(AbstractPipeline.java:502)
	at java.base/java.util.stream.AbstractPipeline.copyInto(AbstractPipeline.java:488)
	at java.base/java.util.stream.AbstractPipeline.wrapAndCopyInto(AbstractPipeline.java:474)
	at java.base/java.util.stream.FindOps$FindOp.evaluateSequential(FindOps.java:150)
	at java.base/java.util.stream.AbstractPipeline.evaluate(AbstractPipeline.java:234)
	at java.base/java.util.stream.ReferencePipeline.findFirst(ReferencePipeline.java:543)
	at org.openqa.selenium.remote.ProtocolHandshake.createSession(ProtocolHandshake.java:128)
	at org.openqa.selenium.remote.ProtocolHandshake.createSession(ProtocolHandshake.java:74)
	at org.openqa.selenium.remote.HttpCommandExecutor.execute(HttpCommandExecutor.java:136)
	at org.openqa.selenium.remote.service.DriverCommandExecutor.execute(DriverCommandExecutor.java:83)
	at org.openqa.selenium.remote.RemoteWebDriver.execute(RemoteWebDriver.java:552)
	at org.openqa.selenium.remote.RemoteWebDriver.startSession(RemoteWebDriver.java:213)
	at org.openqa.selenium.remote.RemoteWebDriver.<init>(RemoteWebDriver.java:131)
	at org.openqa.selenium.chrome.ChromeDriver.<init>(ChromeDriver.java:181)
	at org.openqa.selenium.chrome.ChromeDriver.<init>(ChromeDriver.java:168)
	at org.openqa.selenium.chrome.ChromeDriver.<init>(ChromeDriver.java:123)
	at Cucumber.Automation.Base.getDriver(Base.java:25)
	at stepDefinations.MyStepDefinitions.user_is_on_greencart_landing_page(MyStepDefinitions.java:28)
	at ✽.Given User is on Greencart Landing page(search.feature:12)
]]></failure>
    </testcase>
</testsuite>
